{"C:\\workspace\\venturus\\Curso Testes\\curso-testes-automatizados\\Aula 2\\atividade1ClassConsumer.js": {"path":"C:\\workspace\\venturus\\Curso Testes\\curso-testes-automatizados\\Aula 2\\atividade1ClassConsumer.js","statementMap":{"0":{"start":{"line":1,"column":28},"end":{"line":1,"column":51}},"1":{"start":{"line":9,"column":8},"end":{"line":9,"column":37}},"2":{"start":{"line":11,"column":8},"end":{"line":11,"column":59}},"3":{"start":{"line":20,"column":9},"end":{"line":20,"column":56}},"4":{"start":{"line":29,"column":8},"end":{"line":29,"column":50}},"5":{"start":{"line":33,"column":0},"end":{"line":33,"column":31}}},"fnMap":{"0":{"name":"(anonymous_0)","decl":{"start":{"line":8,"column":5},"end":{"line":8,"column":6}},"loc":{"start":{"line":8,"column":29},"end":{"line":12,"column":6}},"line":8},"1":{"name":"(anonymous_1)","decl":{"start":{"line":19,"column":5},"end":{"line":19,"column":6}},"loc":{"start":{"line":19,"column":31},"end":{"line":21,"column":6}},"line":19},"2":{"name":"(anonymous_2)","decl":{"start":{"line":28,"column":6},"end":{"line":28,"column":7}},"loc":{"start":{"line":28,"column":32},"end":{"line":30,"column":5}},"line":28}},"branchMap":{},"s":{"0":1,"1":3,"2":3,"3":1,"4":1,"5":1},"f":{"0":3,"1":1,"2":1},"b":{},"_coverageSchema":"1a1c01bbd47fc00a2c39e90264f33305004495a9","hash":"6c1dd5612f5ee431810957d4a4d4f77695fb99f0"}
}
